In file included from /home/mirmik/project/genos/gxx/gxx/std/algorithm:6:0,
                 from /home/mirmik/project/genos/gxx/gxx/std/vector:4,
                 from ./main.cpp:12:
/home/mirmik/project/genos/gxx/gxx/std/iterator_base_funcs.h:9:18: error: expected nested-name-specifier before ‘iterator_traits’
  inline typename iterator_traits<_InputIterator>::difference_type __distance(_InputIterator __first, _InputIterator __last, input_iterator_tag) {
                  ^
/home/mirmik/project/genos/gxx/gxx/std/iterator_base_funcs.h:9:33: error: expected initializer before ‘<’ token
  inline typename iterator_traits<_InputIterator>::difference_type __distance(_InputIterator __first, _InputIterator __last, input_iterator_tag) {
                                 ^
In file included from /home/mirmik/project/genos/gxx/gxx/std/algorithm:6:0,
                 from /home/mirmik/project/genos/gxx/gxx/std/vector:4,
                 from ./main.cpp:12:
/home/mirmik/project/genos/gxx/gxx/std/iterator_base_funcs.h:19:18: error: expected nested-name-specifier before ‘iterator_traits’
  inline typename iterator_traits<_RandomAccessIterator>::difference_type __distance(_RandomAccessIterator __first, _RandomAccessIterator __last, random_access_iterator_tag) {
                  ^
/home/mirmik/project/genos/gxx/gxx/std/iterator_base_funcs.h:19:33: error: expected initializer before ‘<’ token
  inline typename iterator_traits<_RandomAccessIterator>::difference_type __distance(_RandomAccessIterator __first, _RandomAccessIterator __last, random_access_iterator_tag) {
                                 ^
/home/mirmik/project/genos/gxx/gxx/std/iterator_base_funcs.h:37:18: error: expected nested-name-specifier before ‘iterator_traits’
  inline typename iterator_traits<_InputIterator>::difference_type distance(_InputIterator __first, _InputIterator __last) {
                  ^
/home/mirmik/project/genos/gxx/gxx/std/iterator_base_funcs.h:37:33: error: expected initializer before ‘<’ token
  inline typename iterator_traits<_InputIterator>::difference_type distance(_InputIterator __first, _InputIterator __last) {
                                 ^
/home/mirmik/project/genos/gxx/gxx/std/iterator_base_funcs.h:43:48: error: ‘input_iterator_tag’ has not been declared
  __advance(_InputIterator& __i, _Distance __n, input_iterator_tag)
                                                ^
/home/mirmik/project/genos/gxx/gxx/std/iterator_base_funcs.h:50:68: error: ‘bidirectional_iterator_tag’ has not been declared
  inline void __advance(_BidirectionalIterator& __i, _Distance __n, bidirectional_iterator_tag) {
                                                                    ^
/home/mirmik/project/genos/gxx/gxx/std/iterator_base_funcs.h:50:14: error: redefinition of ‘template<class _BidirectionalIterator, class _Distance> void std::__advance(_BidirectionalIterator&, _Distance, int)’
  inline void __advance(_BidirectionalIterator& __i, _Distance __n, bidirectional_iterator_tag) {
              ^
/home/mirmik/project/genos/gxx/gxx/std/iterator_base_funcs.h:43:2: note: ‘template<class _InputIterator, class _Distance> void std::__advance(_InputIterator&, _Distance, int)’ previously declared here
  __advance(_InputIterator& __i, _Distance __n, input_iterator_tag)
  ^
/home/mirmik/project/genos/gxx/gxx/std/iterator_base_funcs.h:56:67: error: ‘random_access_iterator_tag’ has not been declared
  inline void __advance(_RandomAccessIterator& __i, _Distance __n, random_access_iterator_tag) {
                                                                   ^
/home/mirmik/project/genos/gxx/gxx/std/iterator_base_funcs.h:56:14: error: redefinition of ‘template<class _RandomAccessIterator, class _Distance> void std::__advance(_RandomAccessIterator&, _Distance, int)’
  inline void __advance(_RandomAccessIterator& __i, _Distance __n, random_access_iterator_tag) {
              ^
/home/mirmik/project/genos/gxx/gxx/std/iterator_base_funcs.h:43:2: note: ‘template<class _InputIterator, class _Distance> void std::__advance(_InputIterator&, _Distance, int)’ previously declared here
  __advance(_InputIterator& __i, _Distance __n, input_iterator_tag)
  ^
/home/mirmik/project/genos/gxx/gxx/std/iterator_base_funcs.h: In function ‘void std::advance(_InputIterator&, _Distance)’:
/home/mirmik/project/genos/gxx/gxx/std/iterator_base_funcs.h:74:12: error: expected nested-name-specifier before ‘iterator_traits’
   typename iterator_traits<_InputIterator>::difference_type __d = __n;
            ^
/home/mirmik/project/genos/gxx/gxx/std/iterator_base_funcs.h:74:12: error: expected ‘(’ before ‘iterator_traits’
/home/mirmik/project/genos/gxx/gxx/std/iterator_base_funcs.h:75:3: error: ‘__advance’ is not a member of ‘gxx’
   gxx::__advance(__i, __d, gxx::__iterator_category(__i));
   ^
/home/mirmik/project/genos/gxx/gxx/std/iterator_base_funcs.h:75:3: note: suggested alternative:
/home/mirmik/project/genos/gxx/gxx/std/iterator_base_funcs.h:43:2: note:   ‘std::__advance’
  __advance(_InputIterator& __i, _Distance __n, input_iterator_tag)
  ^
/home/mirmik/project/genos/gxx/gxx/std/iterator_base_funcs.h:75:23: error: ‘__d’ was not declared in this scope
   gxx::__advance(__i, __d, gxx::__iterator_category(__i));
                       ^
/home/mirmik/project/genos/gxx/gxx/std/iterator_base_funcs.h: At global scope:
/home/mirmik/project/genos/gxx/gxx/std/iterator_base_funcs.h:79:62: error: expected nested-name-specifier before ‘iterator_traits’
  inline _ForwardIterator next(_ForwardIterator __x, typename iterator_traits<_ForwardIterator>::difference_type __n = 1) {
                                                              ^
/home/mirmik/project/genos/gxx/gxx/std/iterator_base_funcs.h:79:77: error: expected ‘,’ or ‘...’ before ‘<’ token
  inline _ForwardIterator next(_ForwardIterator __x, typename iterator_traits<_ForwardIterator>::difference_type __n = 1) {
                                                                             ^
/home/mirmik/project/genos/gxx/gxx/std/iterator_base_funcs.h: In function ‘_ForwardIterator std::next(_ForwardIterator, int)’:
/home/mirmik/project/genos/gxx/gxx/std/iterator_base_funcs.h:80:3: error: ‘advance’ is not a member of ‘gxx’
   gxx::advance(__x, __n);
   ^
/home/mirmik/project/genos/gxx/gxx/std/iterator_base_funcs.h:80:3: note: suggested alternative:
/home/mirmik/project/genos/gxx/gxx/std/iterator_base_funcs.h:73:14: note:   ‘std::advance’
  inline void advance(_InputIterator& __i, _Distance __n) {
              ^
/home/mirmik/project/genos/gxx/gxx/std/iterator_base_funcs.h:80:21: error: ‘__n’ was not declared in this scope
   gxx::advance(__x, __n);
                     ^
/home/mirmik/project/genos/gxx/gxx/std/iterator_base_funcs.h: At global scope:
/home/mirmik/project/genos/gxx/gxx/std/iterator_base_funcs.h:85:74: error: expected nested-name-specifier before ‘iterator_traits’
  inline _BidirectionalIterator prev(_BidirectionalIterator __x, typename iterator_traits<_BidirectionalIterator>::difference_type __n = 1) {
                                                                          ^
/home/mirmik/project/genos/gxx/gxx/std/iterator_base_funcs.h:85:89: error: expected ‘,’ or ‘...’ before ‘<’ token
  inline _BidirectionalIterator prev(_BidirectionalIterator __x, typename iterator_traits<_BidirectionalIterator>::difference_type __n = 1) {
                                                                                         ^
/home/mirmik/project/genos/gxx/gxx/std/iterator_base_funcs.h: In function ‘_BidirectionalIterator std::prev(_BidirectionalIterator, int)’:
/home/mirmik/project/genos/gxx/gxx/std/iterator_base_funcs.h:86:3: error: ‘advance’ is not a member of ‘gxx’
   gxx::advance(__x, -__n);
   ^
/home/mirmik/project/genos/gxx/gxx/std/iterator_base_funcs.h:86:3: note: suggested alternative:
/home/mirmik/project/genos/gxx/gxx/std/iterator_base_funcs.h:73:14: note:   ‘std::advance’
  inline void advance(_InputIterator& __i, _Distance __n) {
              ^
/home/mirmik/project/genos/gxx/gxx/std/iterator_base_funcs.h:86:22: error: ‘__n’ was not declared in this scope
   gxx::advance(__x, -__n);
                      ^
In file included from /home/mirmik/project/genos/gxx/gxx/std/vector:4:0,
                 from ./main.cpp:12:
/home/mirmik/project/genos/gxx/gxx/std/algorithm: At global scope:
/home/mirmik/project/genos/gxx/gxx/std/algorithm:173:59: error: ‘less’ in namespace ‘gxx’ does not name a template type
   template<class ForwardIt, class T, class Compare = gxx::less<T>>
                                                           ^
/home/mirmik/project/genos/gxx/gxx/std/algorithm:173:63: error: expected ‘>’ before ‘<’ token
   template<class ForwardIt, class T, class Compare = gxx::less<T>>
                                                               ^
/home/mirmik/project/genos/gxx/gxx/std/algorithm: In function ‘ForwardIt gxx::lower_bound(ForwardIt, ForwardIt, const T&, Compare)’:
/home/mirmik/project/genos/gxx/gxx/std/algorithm:178:15: error: ‘distance’ is not a member of ‘gxx’
       count = gxx::distance(first,last);
               ^
/home/mirmik/project/genos/gxx/gxx/std/algorithm:183:11: error: ‘advance’ is not a member of ‘gxx’
           gxx::advance(it, step);
           ^
/home/mirmik/project/genos/gxx/gxx/std/algorithm:183:11: note: suggested alternative:
In file included from /home/mirmik/project/genos/gxx/gxx/std/algorithm:6:0,
                 from /home/mirmik/project/genos/gxx/gxx/std/vector:4,
                 from ./main.cpp:12:
/home/mirmik/project/genos/gxx/gxx/std/iterator_base_funcs.h:73:14: note:   ‘std::advance’
  inline void advance(_InputIterator& __i, _Distance __n) {
              ^
In file included from /home/mirmik/project/genos/gxx/gxx/std/vector:4:0,
                 from ./main.cpp:12:
/home/mirmik/project/genos/gxx/gxx/std/algorithm: At global scope:
/home/mirmik/project/genos/gxx/gxx/std/algorithm:194:59: error: ‘less’ in namespace ‘gxx’ does not name a template type
   template<class ForwardIt, class T, class Compare = gxx::less<T>>
                                                           ^
/home/mirmik/project/genos/gxx/gxx/std/algorithm:194:63: error: expected ‘>’ before ‘<’ token
   template<class ForwardIt, class T, class Compare = gxx::less<T>>
                                                               ^
/home/mirmik/project/genos/gxx/gxx/std/algorithm: In function ‘ForwardIt gxx::upper_bound(ForwardIt, ForwardIt, const T&, Compare)’:
/home/mirmik/project/genos/gxx/gxx/std/algorithm:199:15: error: ‘distance’ is not a member of ‘gxx’
       count = gxx::distance(first,last);
               ^
/home/mirmik/project/genos/gxx/gxx/std/algorithm:204:11: error: ‘advance’ is not a member of ‘gxx’
           gxx::advance(it, step);
           ^
/home/mirmik/project/genos/gxx/gxx/std/algorithm:204:11: note: suggested alternative:
In file included from /home/mirmik/project/genos/gxx/gxx/std/algorithm:6:0,
                 from /home/mirmik/project/genos/gxx/gxx/std/vector:4,
                 from ./main.cpp:12:
/home/mirmik/project/genos/gxx/gxx/std/iterator_base_funcs.h:73:14: note:   ‘std::advance’
  inline void advance(_InputIterator& __i, _Distance __n) {
              ^
In file included from /home/mirmik/project/genos/gxx/gxx/std/vector:4:0,
                 from ./main.cpp:12:
/home/mirmik/project/genos/gxx/gxx/std/algorithm: At global scope:
/home/mirmik/project/genos/gxx/gxx/std/algorithm:214:8: error: ‘pair’ in namespace ‘gxx’ does not name a template type
   gxx::pair<ForwardIt,ForwardIt> equal_range(ForwardIt first, ForwardIt last, const T& value, Compare comp) {
        ^
/home/mirmik/project/genos/gxx/gxx/std/algorithm:314:84: error: ‘equal_to’ does not name a type
   template<class ForwardIterator1, class ForwardIterator2, class BinaryPredicate = equal_to<typename iterator_traits<ForwardIterator1>::value_type>>  
                                                                                    ^
/home/mirmik/project/genos/gxx/gxx/std/algorithm:314:92: error: expected ‘>’ before ‘<’ token
   template<class ForwardIterator1, class ForwardIterator2, class BinaryPredicate = equal_to<typename iterator_traits<ForwardIterator1>::value_type>>  
                                                                                            ^
In file included from /home/mirmik/project/genos/gxx/gxx/std/vector:4:0,
                 from ./main.cpp:12:
/home/mirmik/project/genos/gxx/gxx/std/algorithm:338:80: error: ‘equal_to’ does not name a type
   template<class ForwardIterator, class Size, class T, class BinaryPredicate = equal_to<typename iterator_traits<ForwardIterator>::value_type>>  
                                                                                ^
/home/mirmik/project/genos/gxx/gxx/std/algorithm:338:88: error: expected ‘>’ before ‘<’ token
   template<class ForwardIterator, class Size, class T, class BinaryPredicate = equal_to<typename iterator_traits<ForwardIterator>::value_type>>  
                                                                                        ^
/home/mirmik/project/genos/gxx/gxx/std/algorithm:376:8: error: ‘pair’ in namespace ‘gxx’ does not name a template type
   gxx::pair<InputIterator,OutputIterator>
        ^
/home/mirmik/project/genos/gxx/gxx/std/algorithm:400:8: error: ‘pair’ in namespace ‘gxx’ does not name a template type
   gxx::pair<InputIterator,OutputIterator>
        ^
In file included from /home/mirmik/project/genos/gxx/gxx/std/utility:28:0,
                 from /home/mirmik/project/genos/gxx/gxx/std/vector:6,
                 from ./main.cpp:12:
/home/mirmik/project/genos/gxx/gxx/std/bits/utility/type_traits.hpp:48:45: error: expected class-name before ‘{’ token
  struct is_constructible_ : gxx::false_type {};
                                             ^
/home/mirmik/project/genos/gxx/gxx/std/bits/utility/type_traits.hpp:52:24: error: ‘declval’ is not a member of ‘gxx’
      void_t<decltype(T(gxx::declval<Args>()...))>,
                        ^
/home/mirmik/project/genos/gxx/gxx/std/bits/utility/type_traits.hpp:52:24: note: suggested alternative:
/home/mirmik/project/genos/gxx/gxx/std/bits/utility/type_traits.hpp:32:45: note:   ‘std::declval’
    typename add_rvalue_reference<_Tp>::type declval() noexcept;
                                             ^
/home/mirmik/project/genos/gxx/gxx/std/bits/utility/type_traits.hpp:52:24: error: ‘declval’ is not a member of ‘gxx’
      void_t<decltype(T(gxx::declval<Args>()...))>,
                        ^
/home/mirmik/project/genos/gxx/gxx/std/bits/utility/type_traits.hpp:52:24: note: suggested alternative:
/home/mirmik/project/genos/gxx/gxx/std/bits/utility/type_traits.hpp:32:45: note:   ‘std::declval’
    typename add_rvalue_reference<_Tp>::type declval() noexcept;
                                             ^
/home/mirmik/project/genos/gxx/gxx/std/bits/utility/type_traits.hpp:52:24: error: ‘declval’ is not a member of ‘gxx’
      void_t<decltype(T(gxx::declval<Args>()...))>,
                        ^
/home/mirmik/project/genos/gxx/gxx/std/bits/utility/type_traits.hpp:52:24: note: suggested alternative:
/home/mirmik/project/genos/gxx/gxx/std/bits/utility/type_traits.hpp:32:45: note:   ‘std::declval’
    typename add_rvalue_reference<_Tp>::type declval() noexcept;
                                             ^
/home/mirmik/project/genos/gxx/gxx/std/bits/utility/type_traits.hpp:52:24: error: ‘declval’ is not a member of ‘gxx’
      void_t<decltype(T(gxx::declval<Args>()...))>,
                        ^
/home/mirmik/project/genos/gxx/gxx/std/bits/utility/type_traits.hpp:52:24: note: suggested alternative:
/home/mirmik/project/genos/gxx/gxx/std/bits/utility/type_traits.hpp:32:45: note:   ‘std::declval’
    typename add_rvalue_reference<_Tp>::type declval() noexcept;
                                             ^
/home/mirmik/project/genos/gxx/gxx/std/bits/utility/type_traits.hpp:52:49: error: template argument 1 is invalid
      void_t<decltype(T(gxx::declval<Args>()...))>,
                                                 ^
/home/mirmik/project/genos/gxx/gxx/std/bits/utility/type_traits.hpp:53:12: error: template argument 1 is invalid
  T, Args...> : gxx::true_type {};
            ^
/home/mirmik/project/genos/gxx/gxx/std/bits/utility/type_traits.hpp:53:31: error: expected class-name before ‘{’ token
  T, Args...> : gxx::true_type {};
                               ^
In file included from /home/mirmik/project/genos/gxx/gxx/std/utility:29:0,
                 from /home/mirmik/project/genos/gxx/gxx/std/vector:6,
                 from ./main.cpp:12:
/home/mirmik/project/genos/gxx/gxx/std/bits/utility/type_transform.hpp:23:24: error: ‘remove_volatile’ in namespace ‘gxx’ does not name a template type
  typedef typename gxx::remove_volatile<typename gxx::remove_const<T>::type>::type type;
                        ^
/home/mirmik/project/genos/gxx/gxx/std/bits/utility/type_transform.hpp:23:39: error: expected unqualified-id before ‘<’ token
  typedef typename gxx::remove_volatile<typename gxx::remove_const<T>::type>::type type;
                                       ^
/home/mirmik/project/genos/gxx/gxx/std/bits/utility/type_transform.hpp:50:24: error: ‘add_volatile’ in namespace ‘gxx’ does not name a template type
  typedef typename gxx::add_volatile<typename gxx::add_const<T>::type>::type type;
                        ^
/home/mirmik/project/genos/gxx/gxx/std/bits/utility/type_transform.hpp:50:36: error: expected unqualified-id before ‘<’ token
  typedef typename gxx::add_volatile<typename gxx::add_const<T>::type>::type type;
                                    ^
/home/mirmik/project/genos/gxx/gxx/std/bits/utility/type_transform.hpp:58:30: error: ‘remove_reference’ in namespace ‘gxx’ does not name a template type
   using type = typename gxx::remove_reference<T>::type*;
                              ^
/home/mirmik/project/genos/gxx/gxx/std/bits/utility/type_transform.hpp:79:45: error: ‘is_function’ is not a member of ‘gxx’
 struct add_pointer : detail::add_pointer<T, gxx::is_function<T>::value> {};
                                             ^
/home/mirmik/project/genos/gxx/gxx/std/bits/utility/type_transform.hpp:79:45: note: suggested alternative:
In file included from /home/mirmik/project/genos/gxx/gxx/std/utility:23:0,
                 from /home/mirmik/project/genos/gxx/gxx/std/vector:6,
                 from ./main.cpp:12:
/home/mirmik/project/genos/gxx/gxx/std/bits/utility/prototype.hpp:11:25: note:   ‘std::is_function’
 template <class> struct is_function;
                         ^
In file included from /home/mirmik/project/genos/gxx/gxx/std/utility:29:0,
                 from /home/mirmik/project/genos/gxx/gxx/std/vector:6,
                 from ./main.cpp:12:
/home/mirmik/project/genos/gxx/gxx/std/bits/utility/type_transform.hpp:79:45: error: ‘is_function’ is not a member of ‘gxx’
 struct add_pointer : detail::add_pointer<T, gxx::is_function<T>::value> {};
                                             ^
/home/mirmik/project/genos/gxx/gxx/std/bits/utility/type_transform.hpp:79:45: note: suggested alternative:
In file included from /home/mirmik/project/genos/gxx/gxx/std/utility:23:0,
                 from /home/mirmik/project/genos/gxx/gxx/std/vector:6,
                 from ./main.cpp:12:
/home/mirmik/project/genos/gxx/gxx/std/bits/utility/prototype.hpp:11:25: note:   ‘std::is_function’
 template <class> struct is_function;
                         ^
In file included from /home/mirmik/project/genos/gxx/gxx/std/utility:29:0,
                 from /home/mirmik/project/genos/gxx/gxx/std/vector:6,
                 from ./main.cpp:12:
/home/mirmik/project/genos/gxx/gxx/std/bits/utility/type_transform.hpp:79:63: error: template argument 2 is invalid
 struct add_pointer : detail::add_pointer<T, gxx::is_function<T>::value> {};
                                                               ^
/home/mirmik/project/genos/gxx/gxx/std/bits/utility/type_transform.hpp:79:64: error: expected ‘{’ before ‘::’ token
 struct add_pointer : detail::add_pointer<T, gxx::is_function<T>::value> {};
                                                                ^
/home/mirmik/project/genos/gxx/gxx/std/bits/utility/type_transform.hpp:79:71: error: expected initializer before ‘>’ token
 struct add_pointer : detail::add_pointer<T, gxx::is_function<T>::value> {};
                                                                       ^
In file included from /home/mirmik/project/genos/gxx/gxx/std/utility:30:0,
                 from /home/mirmik/project/genos/gxx/gxx/std/vector:6,
                 from ./main.cpp:12:
/home/mirmik/project/genos/gxx/gxx/std/bits/utility/type_relation.hpp:7:68: error: expected class-name before ‘{’ token
 template<class T, class U>  struct is_same      : gxx::false_type  {};
                                                                    ^
/home/mirmik/project/genos/gxx/gxx/std/bits/utility/type_relation.hpp:8:64: error: expected class-name before ‘{’ token
 template<class T>    struct is_same<T, T>    : gxx::true_type  {};
                                                                ^
/home/mirmik/project/genos/gxx/gxx/std/bits/utility/type_relation.hpp:11:63: error: expected class-name before ‘{’ token
 template<class T>   struct is_reference    : gxx::false_type  {};
                                                               ^
/home/mirmik/project/genos/gxx/gxx/std/bits/utility/type_relation.hpp:12:65: error: expected class-name before ‘{’ token
 template<class T>   struct is_reference<T&>   : gxx::true_type  {};
                                                                 ^
/home/mirmik/project/genos/gxx/gxx/std/bits/utility/type_relation.hpp:13:66: error: expected class-name before ‘{’ token
 template<class T>   struct is_reference<T&&>   : gxx::true_type  {};
                                                                  ^
/home/mirmik/project/genos/gxx/gxx/std/bits/utility/type_relation.hpp:16:71: error: expected class-name before ‘{’ token
 template<class T>   struct is_rvalue_reference     : gxx::false_type  {};
                                                                       ^
/home/mirmik/project/genos/gxx/gxx/std/bits/utility/type_relation.hpp:17:73: error: expected class-name before ‘{’ token
 template<class T>   struct is_rvalue_reference<T&&>   : gxx::true_type  {};
                                                                         ^
/home/mirmik/project/genos/gxx/gxx/std/bits/utility/type_relation.hpp:20:71: error: expected class-name before ‘{’ token
 template<class T>   struct is_lvalue_reference     : gxx::false_type  {};
                                                                       ^
/home/mirmik/project/genos/gxx/gxx/std/bits/utility/type_relation.hpp:21:73: error: expected class-name before ‘{’ token
 template<class T>   struct is_lvalue_reference<T&>    : gxx::true_type  {};
                                                                         ^
/home/mirmik/project/genos/gxx/gxx/std/bits/utility/type_relation.hpp:24:68: error: expected class-name before ‘{’ token
 template< class T > struct is_pointer_helper     : gxx::false_type {};
                                                                    ^
/home/mirmik/project/genos/gxx/gxx/std/bits/utility/type_relation.hpp:25:67: error: expected class-name before ‘{’ token
 template< class T > struct is_pointer_helper<T*> : gxx::true_type {};
                                                                   ^
/home/mirmik/project/genos/gxx/gxx/std/bits/utility/type_relation.hpp:26:73: error: ‘remove_cv’ in namespace ‘gxx’ does not name a template type
 template< class T > struct is_pointer : is_pointer_helper<typename gxx::remove_cv<T>::type> {};
                                                                         ^
/home/mirmik/project/genos/gxx/gxx/std/bits/utility/type_relation.hpp:26:82: error: expected template-argument before ‘<’ token
 template< class T > struct is_pointer : is_pointer_helper<typename gxx::remove_cv<T>::type> {};
                                                                                  ^
/home/mirmik/project/genos/gxx/gxx/std/bits/utility/type_relation.hpp:26:82: error: expected ‘>’ before ‘<’ token
/home/mirmik/project/genos/gxx/gxx/std/bits/utility/type_relation.hpp:26:91: error: template argument 1 is invalid
 template< class T > struct is_pointer : is_pointer_helper<typename gxx::remove_cv<T>::type> {};
                                                                                           ^
/home/mirmik/project/genos/gxx/gxx/std/bits/utility/type_relation.hpp:26:93: error: expected ‘::’ before ‘{’ token
 template< class T > struct is_pointer : is_pointer_helper<typename gxx::remove_cv<T>::type> {};
                                                                                             ^
/home/mirmik/project/genos/gxx/gxx/std/bits/utility/type_relation.hpp:26:93: error: expected class-name before ‘{’ token
/home/mirmik/project/genos/gxx/gxx/std/bits/utility/type_relation.hpp:29:61: error: expected class-name before ‘{’ token
 template<class T>    struct is_const     : gxx::false_type  {};
                                                             ^
/home/mirmik/project/genos/gxx/gxx/std/bits/utility/type_relation.hpp:30:67: error: expected class-name before ‘{’ token
 template<class T>    struct is_const<const T>   : gxx::true_type  {};
                                                                   ^
/home/mirmik/project/genos/gxx/gxx/std/bits/utility/type_relation.hpp:33:64: error: expected class-name before ‘{’ token
 template<class T>    struct is_volatile     : gxx::false_type  {};
                                                                ^
/home/mirmik/project/genos/gxx/gxx/std/bits/utility/type_relation.hpp:34:72: error: expected class-name before ‘{’ token
 template<class T>    struct is_volatile<volatile T>  : gxx::true_type  {};
                                                                        ^
/home/mirmik/project/genos/gxx/gxx/std/bits/utility/type_relation.hpp:75:62: error: expected template-name before ‘<’ token
 template<class T>   struct is_arithmetic : gxx::bool_constant<
                                                              ^
/home/mirmik/project/genos/gxx/gxx/std/bits/utility/type_relation.hpp:75:62: error: expected ‘{’ before ‘<’ token
/home/mirmik/project/genos/gxx/gxx/std/bits/utility/type_relation.hpp:75:62: error: expected unqualified-id before ‘<’ token
/home/mirmik/project/genos/gxx/gxx/std/bits/utility/type_relation.hpp:80:30: error: expected template-name before ‘<’ token
 struct is_void : gxx::is_same<void, typename gxx::remove_cv<T>::type> {};
                              ^
/home/mirmik/project/genos/gxx/gxx/std/bits/utility/type_relation.hpp:80:30: error: expected ‘{’ before ‘<’ token
/home/mirmik/project/genos/gxx/gxx/std/bits/utility/type_relation.hpp:80:30: error: expected unqualified-id before ‘<’ token
/home/mirmik/project/genos/gxx/gxx/std/bits/utility/type_relation.hpp:83:35: error: expected class-name before ‘{’ token
 struct is_array : gxx::false_type {};
                                   ^
/home/mirmik/project/genos/gxx/gxx/std/bits/utility/type_relation.hpp:86:39: error: expected class-name before ‘{’ token
 struct is_array<T[]> : gxx::true_type {};
                                       ^
/home/mirmik/project/genos/gxx/gxx/std/bits/utility/type_relation.hpp:89:40: error: expected class-name before ‘{’ token
 struct is_array<T[N]> : gxx::true_type {};             
                                        ^
/home/mirmik/project/genos/gxx/gxx/std/bits/utility/type_relation.hpp:96:27: error: ‘remove_reference’ in namespace ‘gxx’ does not name a template type
     typedef typename gxx::remove_reference<T>::type U;
                           ^
/home/mirmik/project/genos/gxx/gxx/std/bits/utility/type_relation.hpp:96:43: error: expected unqualified-id before ‘<’ token
     typedef typename gxx::remove_reference<T>::type U;
                                           ^
/home/mirmik/project/genos/gxx/gxx/std/bits/utility/type_relation.hpp:98:27: error: ‘conditional’ in namespace ‘gxx’ does not name a template type
     typedef typename gxx::conditional< 
                           ^
/home/mirmik/project/genos/gxx/gxx/std/bits/utility/type_relation.hpp:98:38: error: expected unqualified-id before ‘<’ token
     typedef typename gxx::conditional< 
                                      ^
/home/mirmik/project/genos/gxx/gxx/std/bits/utility/type_relation.hpp:129:36: error: ‘add_reference’ in namespace ‘gxx’ does not name a template type
     : is_convertible<typename gxx::add_reference<T>::type, int> { };
                                    ^
/home/mirmik/project/genos/gxx/gxx/std/bits/utility/type_relation.hpp:129:49: error: expected template-argument before ‘<’ token
     : is_convertible<typename gxx::add_reference<T>::type, int> { };
                                                 ^
/home/mirmik/project/genos/gxx/gxx/std/bits/utility/type_relation.hpp:129:49: error: expected ‘>’ before ‘<’ token
/home/mirmik/project/genos/gxx/gxx/std/bits/utility/type_relation.hpp:129:63: error: wrong number of template arguments (1, should be 2)
     : is_convertible<typename gxx::add_reference<T>::type, int> { };
                                                               ^
In file included from /home/mirmik/project/genos/gxx/gxx/std/utility:23:0,
                 from /home/mirmik/project/genos/gxx/gxx/std/vector:6,
                 from ./main.cpp:12:
/home/mirmik/project/genos/gxx/gxx/std/bits/utility/prototype.hpp:23:40: error: provided for ‘template<class From, class To> struct std::is_convertible’
 template <class From, class To> struct is_convertible;
                                        ^
In file included from /home/mirmik/project/genos/gxx/gxx/std/utility:30:0,
                 from /home/mirmik/project/genos/gxx/gxx/std/vector:6,
                 from ./main.cpp:12:
/home/mirmik/project/genos/gxx/gxx/std/bits/utility/type_relation.hpp:129:65: error: expected ‘::’ before ‘{’ token
     : is_convertible<typename gxx::add_reference<T>::type, int> { };
                                                                 ^
/home/mirmik/project/genos/gxx/gxx/std/bits/utility/type_relation.hpp:129:65: error: expected class-name before ‘{’ token
/home/mirmik/project/genos/gxx/gxx/std/bits/utility/type_relation.hpp:182:60: error: ‘pair’ is not a member of ‘gxx’
 template <class T, class U> struct has_trivial_constructor<gxx::pair<T, U> >
                                                            ^
/home/mirmik/project/genos/gxx/gxx/std/bits/utility/type_relation.hpp:182:60: note: suggested alternative:
In file included from /home/mirmik/project/genos/gxx/gxx/std/utility:25:0,
                 from /home/mirmik/project/genos/gxx/gxx/std/vector:6,
                 from ./main.cpp:12:
/home/mirmik/project/genos/gxx/gxx/std/bits/utility/pair.hpp:3:9: note:   ‘std::pair’
   class pair{
         ^
In file included from /home/mirmik/project/genos/gxx/gxx/std/utility:30:0,
                 from /home/mirmik/project/genos/gxx/gxx/std/vector:6,
                 from ./main.cpp:12:
/home/mirmik/project/genos/gxx/gxx/std/bits/utility/type_relation.hpp:182:60: error: ‘pair’ is not a member of ‘gxx’
 template <class T, class U> struct has_trivial_constructor<gxx::pair<T, U> >
                                                            ^
/home/mirmik/project/genos/gxx/gxx/std/bits/utility/type_relation.hpp:182:60: note: suggested alternative:
In file included from /home/mirmik/project/genos/gxx/gxx/std/utility:25:0,
                 from /home/mirmik/project/genos/gxx/gxx/std/vector:6,
                 from ./main.cpp:12:
/home/mirmik/project/genos/gxx/gxx/std/bits/utility/pair.hpp:3:9: note:   ‘std::pair’
   class pair{
         ^
In file included from /home/mirmik/project/genos/gxx/gxx/std/utility:30:0,
                 from /home/mirmik/project/genos/gxx/gxx/std/vector:6,
                 from ./main.cpp:12:
/home/mirmik/project/genos/gxx/gxx/std/bits/utility/type_relation.hpp:182:74: error: wrong number of template arguments (2, should be 1)
 template <class T, class U> struct has_trivial_constructor<gxx::pair<T, U> >
                                                                          ^
In file included from /home/mirmik/project/genos/gxx/gxx/std/utility:23:0,
                 from /home/mirmik/project/genos/gxx/gxx/std/vector:6,
                 from ./main.cpp:12:
/home/mirmik/project/genos/gxx/gxx/std/bits/utility/prototype.hpp:18:27: error: provided for ‘template<class T> struct std::has_trivial_constructor’
 template <class T> struct has_trivial_constructor;
                           ^
In file included from /home/mirmik/project/genos/gxx/gxx/std/utility:30:0,
                 from /home/mirmik/project/genos/gxx/gxx/std/vector:6,
                 from ./main.cpp:12:
/home/mirmik/project/genos/gxx/gxx/std/bits/utility/type_relation.hpp:182:76: error: expected unqualified-id before ‘>’ token
 template <class T, class U> struct has_trivial_constructor<gxx::pair<T, U> >
                                                                            ^
/home/mirmik/project/genos/gxx/gxx/std/bits/utility/type_relation.hpp:197:53: error: ‘pair’ is not a member of ‘gxx’
 template <class T, class U> struct has_trivial_copy<gxx::pair<T, U> >
                                                     ^
/home/mirmik/project/genos/gxx/gxx/std/bits/utility/type_relation.hpp:197:53: note: suggested alternative:
In file included from /home/mirmik/project/genos/gxx/gxx/std/utility:25:0,
                 from /home/mirmik/project/genos/gxx/gxx/std/vector:6,
                 from ./main.cpp:12:
/home/mirmik/project/genos/gxx/gxx/std/bits/utility/pair.hpp:3:9: note:   ‘std::pair’
   class pair{
         ^
In file included from /home/mirmik/project/genos/gxx/gxx/std/utility:30:0,
                 from /home/mirmik/project/genos/gxx/gxx/std/vector:6,
                 from ./main.cpp:12:
/home/mirmik/project/genos/gxx/gxx/std/bits/utility/type_relation.hpp:197:53: error: ‘pair’ is not a member of ‘gxx’
 template <class T, class U> struct has_trivial_copy<gxx::pair<T, U> >
                                                     ^
/home/mirmik/project/genos/gxx/gxx/std/bits/utility/type_relation.hpp:197:53: note: suggested alternative:
In file included from /home/mirmik/project/genos/gxx/gxx/std/utility:25:0,
                 from /home/mirmik/project/genos/gxx/gxx/std/vector:6,
                 from ./main.cpp:12:
/home/mirmik/project/genos/gxx/gxx/std/bits/utility/pair.hpp:3:9: note:   ‘std::pair’
   class pair{
         ^
In file included from /home/mirmik/project/genos/gxx/gxx/std/utility:30:0,
                 from /home/mirmik/project/genos/gxx/gxx/std/vector:6,
                 from ./main.cpp:12:
/home/mirmik/project/genos/gxx/gxx/std/bits/utility/type_relation.hpp:197:67: error: wrong number of template arguments (2, should be 1)
 template <class T, class U> struct has_trivial_copy<gxx::pair<T, U> >
                                                                   ^
In file included from /home/mirmik/project/genos/gxx/gxx/std/utility:23:0,
                 from /home/mirmik/project/genos/gxx/gxx/std/vector:6,
                 from ./main.cpp:12:
/home/mirmik/project/genos/gxx/gxx/std/bits/utility/prototype.hpp:19:27: error: provided for ‘template<class T> struct std::has_trivial_copy’
 template <class T> struct has_trivial_copy;
                           ^
In file included from /home/mirmik/project/genos/gxx/gxx/std/utility:30:0,
                 from /home/mirmik/project/genos/gxx/gxx/std/vector:6,
                 from ./main.cpp:12:
/home/mirmik/project/genos/gxx/gxx/std/bits/utility/type_relation.hpp:197:69: error: expected unqualified-id before ‘>’ token
 template <class T, class U> struct has_trivial_copy<gxx::pair<T, U> >
                                                                     ^
/home/mirmik/project/genos/gxx/gxx/std/bits/utility/type_relation.hpp:210:55: error: ‘pair’ is not a member of ‘gxx’
 template <class T, class U> struct has_trivial_assign<gxx::pair<T, U> >
                                                       ^
/home/mirmik/project/genos/gxx/gxx/std/bits/utility/type_relation.hpp:210:55: note: suggested alternative:
In file included from /home/mirmik/project/genos/gxx/gxx/std/utility:25:0,
                 from /home/mirmik/project/genos/gxx/gxx/std/vector:6,
                 from ./main.cpp:12:
/home/mirmik/project/genos/gxx/gxx/std/bits/utility/pair.hpp:3:9: note:   ‘std::pair’
   class pair{
         ^
In file included from /home/mirmik/project/genos/gxx/gxx/std/utility:30:0,
                 from /home/mirmik/project/genos/gxx/gxx/std/vector:6,
                 from ./main.cpp:12:
/home/mirmik/project/genos/gxx/gxx/std/bits/utility/type_relation.hpp:210:55: error: ‘pair’ is not a member of ‘gxx’
 template <class T, class U> struct has_trivial_assign<gxx::pair<T, U> >
                                                       ^
/home/mirmik/project/genos/gxx/gxx/std/bits/utility/type_relation.hpp:210:55: note: suggested alternative:
In file included from /home/mirmik/project/genos/gxx/gxx/std/utility:25:0,
                 from /home/mirmik/project/genos/gxx/gxx/std/vector:6,
                 from ./main.cpp:12:
/home/mirmik/project/genos/gxx/gxx/std/bits/utility/pair.hpp:3:9: note:   ‘std::pair’
   class pair{
         ^
In file included from /home/mirmik/project/genos/gxx/gxx/std/utility:30:0,
                 from /home/mirmik/project/genos/gxx/gxx/std/vector:6,
                 from ./main.cpp:12:
/home/mirmik/project/genos/gxx/gxx/std/bits/utility/type_relation.hpp:210:69: error: wrong number of template arguments (2, should be 1)
 template <class T, class U> struct has_trivial_assign<gxx::pair<T, U> >
                                                                     ^
In file included from /home/mirmik/project/genos/gxx/gxx/std/utility:23:0,
                 from /home/mirmik/project/genos/gxx/gxx/std/vector:6,
                 from ./main.cpp:12:
/home/mirmik/project/genos/gxx/gxx/std/bits/utility/prototype.hpp:20:27: error: provided for ‘template<class T> struct std::has_trivial_assign’
 template <class T> struct has_trivial_assign;
                           ^
In file included from /home/mirmik/project/genos/gxx/gxx/std/utility:30:0,
                 from /home/mirmik/project/genos/gxx/gxx/std/vector:6,
                 from ./main.cpp:12:
/home/mirmik/project/genos/gxx/gxx/std/bits/utility/type_relation.hpp:210:71: error: expected unqualified-id before ‘>’ token
 template <class T, class U> struct has_trivial_assign<gxx::pair<T, U> >
                                                                       ^
/home/mirmik/project/genos/gxx/gxx/std/bits/utility/type_relation.hpp:223:59: error: ‘pair’ is not a member of ‘gxx’
 template <class T, class U> struct has_trivial_destructor<gxx::pair<T, U> >
                                                           ^
/home/mirmik/project/genos/gxx/gxx/std/bits/utility/type_relation.hpp:223:59: note: suggested alternative:
In file included from /home/mirmik/project/genos/gxx/gxx/std/utility:25:0,
                 from /home/mirmik/project/genos/gxx/gxx/std/vector:6,
                 from ./main.cpp:12:
/home/mirmik/project/genos/gxx/gxx/std/bits/utility/pair.hpp:3:9: note:   ‘std::pair’
   class pair{
         ^
In file included from /home/mirmik/project/genos/gxx/gxx/std/utility:30:0,
                 from /home/mirmik/project/genos/gxx/gxx/std/vector:6,
                 from ./main.cpp:12:
/home/mirmik/project/genos/gxx/gxx/std/bits/utility/type_relation.hpp:223:59: error: ‘pair’ is not a member of ‘gxx’
 template <class T, class U> struct has_trivial_destructor<gxx::pair<T, U> >
                                                           ^
/home/mirmik/project/genos/gxx/gxx/std/bits/utility/type_relation.hpp:223:59: note: suggested alternative:
In file included from /home/mirmik/project/genos/gxx/gxx/std/utility:25:0,
                 from /home/mirmik/project/genos/gxx/gxx/std/vector:6,
                 from ./main.cpp:12:
/home/mirmik/project/genos/gxx/gxx/std/bits/utility/pair.hpp:3:9: note:   ‘std::pair’
   class pair{
         ^
In file included from /home/mirmik/project/genos/gxx/gxx/std/utility:30:0,
                 from /home/mirmik/project/genos/gxx/gxx/std/vector:6,
                 from ./main.cpp:12:
/home/mirmik/project/genos/gxx/gxx/std/bits/utility/type_relation.hpp:223:73: error: wrong number of template arguments (2, should be 1)
 template <class T, class U> struct has_trivial_destructor<gxx::pair<T, U> >
                                                                         ^
In file included from /home/mirmik/project/genos/gxx/gxx/std/utility:23:0,
                 from /home/mirmik/project/genos/gxx/gxx/std/vector:6,
                 from ./main.cpp:12:
/home/mirmik/project/genos/gxx/gxx/std/bits/utility/prototype.hpp:21:27: error: provided for ‘template<class T> struct std::has_trivial_destructor’
 template <class T> struct has_trivial_destructor;
                           ^
In file included from /home/mirmik/project/genos/gxx/gxx/std/utility:30:0,
                 from /home/mirmik/project/genos/gxx/gxx/std/vector:6,
                 from ./main.cpp:12:
/home/mirmik/project/genos/gxx/gxx/std/bits/utility/type_relation.hpp:223:75: error: expected unqualified-id before ‘>’ token
 template <class T, class U> struct has_trivial_destructor<gxx::pair<T, U> >
                                                                           ^
/home/mirmik/project/genos/gxx/gxx/std/bits/utility/type_relation.hpp:260:38: error: expected class-name before ‘{’ token
 struct is_function : gxx::false_type { };
                                      ^
/home/mirmik/project/genos/gxx/gxx/std/bits/utility/type_relation.hpp:264:51: error: expected class-name before ‘{’ token
 struct is_function<Ret(Args...)> : gxx::true_type {};
                                                   ^
/home/mirmik/project/genos/gxx/gxx/std/bits/utility/type_relation.hpp:268:54: error: expected class-name before ‘{’ token
 struct is_function<Ret(Args......)> : gxx::true_type {};
                                                      ^
/home/mirmik/project/genos/gxx/gxx/std/bits/utility/type_relation.hpp:272:56: error: expected class-name before ‘{’ token
 struct is_function<Ret(Args...)const> : gxx::true_type {};
                                                        ^
/home/mirmik/project/genos/gxx/gxx/std/bits/utility/type_relation.hpp:274:59: error: expected class-name before ‘{’ token
 struct is_function<Ret(Args...)volatile> : gxx::true_type {};
                                                           ^
/home/mirmik/project/genos/gxx/gxx/std/bits/utility/type_relation.hpp:276:65: error: expected class-name before ‘{’ token
 struct is_function<Ret(Args...)const volatile> : gxx::true_type {};
                                                                 ^
/home/mirmik/project/genos/gxx/gxx/std/bits/utility/type_relation.hpp:278:59: error: expected class-name before ‘{’ token
 struct is_function<Ret(Args......)const> : gxx::true_type {};
                                                           ^
/home/mirmik/project/genos/gxx/gxx/std/bits/utility/type_relation.hpp:280:62: error: expected class-name before ‘{’ token
 struct is_function<Ret(Args......)volatile> : gxx::true_type {};
                                                              ^
/home/mirmik/project/genos/gxx/gxx/std/bits/utility/type_relation.hpp:282:68: error: expected class-name before ‘{’ token
 struct is_function<Ret(Args......)const volatile> : gxx::true_type {};
                                                                    ^
/home/mirmik/project/genos/gxx/gxx/std/bits/utility/type_relation.hpp:286:53: error: expected class-name before ‘{’ token
 struct is_function<Ret(Args...) &> : gxx::true_type {};
                                                     ^
/home/mirmik/project/genos/gxx/gxx/std/bits/utility/type_relation.hpp:288:58: error: expected class-name before ‘{’ token
 struct is_function<Ret(Args...)const &> : gxx::true_type {};
                                                          ^
/home/mirmik/project/genos/gxx/gxx/std/bits/utility/type_relation.hpp:290:61: error: expected class-name before ‘{’ token
 struct is_function<Ret(Args...)volatile &> : gxx::true_type {};
                                                             ^
/home/mirmik/project/genos/gxx/gxx/std/bits/utility/type_relation.hpp:292:67: error: expected class-name before ‘{’ token
 struct is_function<Ret(Args...)const volatile &> : gxx::true_type {};
                                                                   ^
/home/mirmik/project/genos/gxx/gxx/std/bits/utility/type_relation.hpp:294:56: error: expected class-name before ‘{’ token
 struct is_function<Ret(Args......) &> : gxx::true_type {};
                                                        ^
/home/mirmik/project/genos/gxx/gxx/std/bits/utility/type_relation.hpp:296:61: error: expected class-name before ‘{’ token
 struct is_function<Ret(Args......)const &> : gxx::true_type {};
                                                             ^
/home/mirmik/project/genos/gxx/gxx/std/bits/utility/type_relation.hpp:298:64: error: expected class-name before ‘{’ token
 struct is_function<Ret(Args......)volatile &> : gxx::true_type {};
                                                                ^
/home/mirmik/project/genos/gxx/gxx/std/bits/utility/type_relation.hpp:300:70: error: expected class-name before ‘{’ token
 struct is_function<Ret(Args......)const volatile &> : gxx::true_type {};
                                                                      ^
/home/mirmik/project/genos/gxx/gxx/std/bits/utility/type_relation.hpp:302:54: error: expected class-name before ‘{’ token
 struct is_function<Ret(Args...) &&> : gxx::true_type {};
                                                      ^
/home/mirmik/project/genos/gxx/gxx/std/bits/utility/type_relation.hpp:304:59: error: expected class-name before ‘{’ token
 struct is_function<Ret(Args...)const &&> : gxx::true_type {};
                                                           ^
/home/mirmik/project/genos/gxx/gxx/std/bits/utility/type_relation.hpp:306:62: error: expected class-name before ‘{’ token
 struct is_function<Ret(Args...)volatile &&> : gxx::true_type {};
                                                              ^
/home/mirmik/project/genos/gxx/gxx/std/bits/utility/type_relation.hpp:308:68: error: expected class-name before ‘{’ token
 struct is_function<Ret(Args...)const volatile &&> : gxx::true_type {};
                                                                    ^
/home/mirmik/project/genos/gxx/gxx/std/bits/utility/type_relation.hpp:310:57: error: expected class-name before ‘{’ token
 struct is_function<Ret(Args......) &&> : gxx::true_type {};
                                                         ^
/home/mirmik/project/genos/gxx/gxx/std/bits/utility/type_relation.hpp:312:62: error: expected class-name before ‘{’ token
 struct is_function<Ret(Args......)const &&> : gxx::true_type {};
                                                              ^
/home/mirmik/project/genos/gxx/gxx/std/bits/utility/type_relation.hpp:314:65: error: expected class-name before ‘{’ token
 struct is_function<Ret(Args......)volatile &&> : gxx::true_type {};
                                                                 ^
/home/mirmik/project/genos/gxx/gxx/std/bits/utility/type_relation.hpp:316:71: error: expected class-name before ‘{’ token
 struct is_function<Ret(Args......)const volatile &&> : gxx::true_type {};
                                                                       ^
/home/mirmik/project/genos/gxx/gxx/std/bits/utility/type_relation.hpp:320:59: error: expected class-name before ‘{’ token
 struct is_member_pointer_helper         : gxx::false_type {};
                                                           ^
/home/mirmik/project/genos/gxx/gxx/std/bits/utility/type_relation.hpp:323:58: error: expected class-name before ‘{’ token
 struct is_member_pointer_helper<T U::*> : gxx::true_type {};
                                                          ^
/home/mirmik/project/genos/gxx/gxx/std/bits/utility/type_relation.hpp:327:44: error: ‘remove_cv’ in namespace ‘gxx’ does not name a template type
     is_member_pointer_helper<typename gxx::remove_cv<T>::type> {};
                                            ^
/home/mirmik/project/genos/gxx/gxx/std/bits/utility/type_relation.hpp:327:53: error: expected template-argument before ‘<’ token
     is_member_pointer_helper<typename gxx::remove_cv<T>::type> {};
                                                     ^
/home/mirmik/project/genos/gxx/gxx/std/bits/utility/type_relation.hpp:327:53: error: expected ‘>’ before ‘<’ token
/home/mirmik/project/genos/gxx/gxx/std/bits/utility/type_relation.hpp:327:62: error: template argument 1 is invalid
     is_member_pointer_helper<typename gxx::remove_cv<T>::type> {};
                                                              ^
/home/mirmik/project/genos/gxx/gxx/std/bits/utility/type_relation.hpp:327:64: error: expected ‘::’ before ‘{’ token
     is_member_pointer_helper<typename gxx::remove_cv<T>::type> {};
                                                                ^
/home/mirmik/project/genos/gxx/gxx/std/bits/utility/type_relation.hpp:327:64: error: expected class-name before ‘{’ token
/home/mirmik/project/genos/gxx/gxx/std/bits/utility/type_relation.hpp:330:57: error: expected template-name before ‘<’ token
 struct is_member_object_pointer : gxx::integral_constant<
                                                         ^
/home/mirmik/project/genos/gxx/gxx/std/bits/utility/type_relation.hpp:330:57: error: expected ‘{’ before ‘<’ token
/home/mirmik/project/genos/gxx/gxx/std/bits/utility/type_relation.hpp:330:57: error: expected unqualified-id before ‘<’ token
/home/mirmik/project/genos/gxx/gxx/std/bits/utility/type_relation.hpp:337:60: error: expected class-name before ‘{’ token
 struct is_member_function_pointer_helper : gxx::false_type {};
                                                            ^
/home/mirmik/project/genos/gxx/gxx/std/bits/utility/type_relation.hpp:340:68: error: expected template-name before ‘<’ token
 struct is_member_function_pointer_helper<T U::*> : gxx::is_function<T> {};
                                                                    ^
/home/mirmik/project/genos/gxx/gxx/std/bits/utility/type_relation.hpp:340:68: error: expected ‘{’ before ‘<’ token
/home/mirmik/project/genos/gxx/gxx/std/bits/utility/type_relation.hpp:340:68: error: expected unqualified-id before ‘<’ token
/home/mirmik/project/genos/gxx/gxx/std/bits/utility/type_relation.hpp:344:55: error: ‘remove_cv’ in namespace ‘gxx’ does not name a template type
                                         typename gxx::remove_cv<T>::type
                                                       ^
/home/mirmik/project/genos/gxx/gxx/std/bits/utility/type_relation.hpp:344:64: error: expected template-argument before ‘<’ token
                                         typename gxx::remove_cv<T>::type
                                                                ^
/home/mirmik/project/genos/gxx/gxx/std/bits/utility/type_relation.hpp:344:64: error: expected ‘>’ before ‘<’ token
/home/mirmik/project/genos/gxx/gxx/std/bits/utility/type_relation.hpp:345:37: error: template argument 1 is invalid
                                     > {};
                                     ^
/home/mirmik/project/genos/gxx/gxx/std/bits/utility/type_relation.hpp:345:39: error: expected ‘::’ before ‘{’ token
                                     > {};
                                       ^
/home/mirmik/project/genos/gxx/gxx/std/bits/utility/type_relation.hpp:345:39: error: expected class-name before ‘{’ token
/home/mirmik/project/genos/gxx/gxx/std/bits/utility/type_relation.hpp:348:38: error: expected template-name before ‘<’ token
 struct is_object : gxx::bool_constant<
                                      ^
/home/mirmik/project/genos/gxx/gxx/std/bits/utility/type_relation.hpp:348:38: error: expected ‘{’ before ‘<’ token
/home/mirmik/project/genos/gxx/gxx/std/bits/utility/type_relation.hpp:348:38: error: expected unqualified-id before ‘<’ token
/home/mirmik/project/genos/gxx/gxx/std/bits/utility/type_relation.hpp:354:68: error: ‘remove_cv’ in namespace ‘gxx’ does not name a template type
 template< class T > struct is_null_pointer : is_same<typename gxx::remove_cv<T>::type, nullptr_t> {};
                                                                    ^
/home/mirmik/project/genos/gxx/gxx/std/bits/utility/type_relation.hpp:354:77: error: expected template-argument before ‘<’ token
 template< class T > struct is_null_pointer : is_same<typename gxx::remove_cv<T>::type, nullptr_t> {};
                                                                             ^
/home/mirmik/project/genos/gxx/gxx/std/bits/utility/type_relation.hpp:354:77: error: expected ‘>’ before ‘<’ token
/home/mirmik/project/genos/gxx/gxx/std/bits/utility/type_relation.hpp:354:97: error: wrong number of template arguments (1, should be 2)
 template< class T > struct is_null_pointer : is_same<typename gxx::remove_cv<T>::type, nullptr_t> {};
                                                                                                 ^
In file included from /home/mirmik/project/genos/gxx/gxx/std/utility:23:0,
                 from /home/mirmik/project/genos/gxx/gxx/std/vector:6,
                 from ./main.cpp:12:
/home/mirmik/project/genos/gxx/gxx/std/bits/utility/prototype.hpp:22:36: error: provided for ‘template<class T, class U> struct std::is_same’
 template <class T, class U> struct is_same;
                                    ^
In file included from /home/mirmik/project/genos/gxx/gxx/std/utility:30:0,
                 from /home/mirmik/project/genos/gxx/gxx/std/vector:6,
                 from ./main.cpp:12:
/home/mirmik/project/genos/gxx/gxx/std/bits/utility/type_relation.hpp:354:99: error: expected ‘::’ before ‘{’ token
 template< class T > struct is_null_pointer : is_same<typename gxx::remove_cv<T>::type, nullptr_t> {};
                                                                                                   ^
/home/mirmik/project/genos/gxx/gxx/std/bits/utility/type_relation.hpp:354:99: error: expected class-name before ‘{’ token
/home/mirmik/project/genos/gxx/gxx/std/bits/utility/type_relation.hpp:357:38: error: expected template-name before ‘<’ token
 struct is_scalar : gxx::bool_constant<
                                      ^
/home/mirmik/project/genos/gxx/gxx/std/bits/utility/type_relation.hpp:357:38: error: expected ‘{’ before ‘<’ token
/home/mirmik/project/genos/gxx/gxx/std/bits/utility/type_relation.hpp:357:38: error: expected unqualified-id before ‘<’ token
/home/mirmik/project/genos/gxx/gxx/std/bits/utility/type_relation.hpp:366:27: error: expected template-name before ‘<’ token
   : gxx::integral_constant<
                           ^
/home/mirmik/project/genos/gxx/gxx/std/bits/utility/type_relation.hpp:366:27: error: expected ‘{’ before ‘<’ token
/home/mirmik/project/genos/gxx/gxx/std/bits/utility/type_relation.hpp:366:27: error: expected unqualified-id before ‘<’ token
/home/mirmik/project/genos/gxx/gxx/std/bits/utility/type_relation.hpp:374:44: error: expected template-name before ‘<’ token
 struct is_compound : gxx::integral_constant<bool, !gxx::is_fundamental<T>::value> {};
                                            ^
/home/mirmik/project/genos/gxx/gxx/std/bits/utility/type_relation.hpp:374:44: error: expected ‘{’ before ‘<’ token
/home/mirmik/project/genos/gxx/gxx/std/bits/utility/type_relation.hpp:374:44: error: expected unqualified-id before ‘<’ token
/home/mirmik/project/genos/gxx/gxx/std/bits/utility/type_relation.hpp:378:45: error: expected template-name before ‘<’ token
 struct alignment_of : gxx::integral_constant<
                                             ^
/home/mirmik/project/genos/gxx/gxx/std/bits/utility/type_relation.hpp:378:45: error: expected ‘{’ before ‘<’ token
/home/mirmik/project/genos/gxx/gxx/std/bits/utility/type_relation.hpp:378:45: error: expected unqualified-id before ‘<’ token
/home/mirmik/project/genos/gxx/gxx/std/bits/utility/type_relation.hpp:384:44: error: expected template-name before ‘<’ token
 struct rank : public gxx::integral_constant<gxx::size_t, 0> {};
                                            ^
/home/mirmik/project/genos/gxx/gxx/std/bits/utility/type_relation.hpp:384:44: error: expected ‘{’ before ‘<’ token
/home/mirmik/project/genos/gxx/gxx/std/bits/utility/type_relation.hpp:384:44: error: expected unqualified-id before ‘<’ token
/home/mirmik/project/genos/gxx/gxx/std/bits/utility/type_relation.hpp:387:49: error: expected template-name before ‘<’ token
 struct rank<T[]> : public gxx::integral_constant<gxx::size_t, rank<T>::value + 1> {};
                                                 ^
/home/mirmik/project/genos/gxx/gxx/std/bits/utility/type_relation.hpp:387:49: error: expected ‘{’ before ‘<’ token
/home/mirmik/project/genos/gxx/gxx/std/bits/utility/type_relation.hpp:387:49: error: expected unqualified-id before ‘<’ token
/home/mirmik/project/genos/gxx/gxx/std/bits/utility/type_relation.hpp:389:24: error: ‘gxx::size_t’ has not been declared
 template<class T, gxx::size_t N>
                        ^
/home/mirmik/project/genos/gxx/gxx/std/bits/utility/type_relation.hpp:390:50: error: expected template-name before ‘<’ token
 struct rank<T[N]> : public gxx::integral_constant<gxx::size_t, rank<T>::value + 1> {};
                                                  ^
/home/mirmik/project/genos/gxx/gxx/std/bits/utility/type_relation.hpp:390:50: error: expected ‘{’ before ‘<’ token
/home/mirmik/project/genos/gxx/gxx/std/bits/utility/type_relation.hpp:390:50: error: expected unqualified-id before ‘<’ token
/home/mirmik/project/genos/gxx/gxx/std/bits/utility/type_relation.hpp:394:39: error: expected template-name before ‘<’ token
 struct extent : gxx::integral_constant<gxx::size_t, 0> {};
                                       ^
/home/mirmik/project/genos/gxx/gxx/std/bits/utility/type_relation.hpp:394:39: error: expected ‘{’ before ‘<’ token
/home/mirmik/project/genos/gxx/gxx/std/bits/utility/type_relation.hpp:394:39: error: expected unqualified-id before ‘<’ token
/home/mirmik/project/genos/gxx/gxx/std/bits/utility/type_relation.hpp:397:47: error: expected template-name before ‘<’ token
 struct extent<T[], 0> : gxx::integral_constant<gxx::size_t, 0> {};
                                               ^
/home/mirmik/project/genos/gxx/gxx/std/bits/utility/type_relation.hpp:397:47: error: expected ‘{’ before ‘<’ token
/home/mirmik/project/genos/gxx/gxx/std/bits/utility/type_relation.hpp:397:47: error: expected unqualified-id before ‘<’ token
/home/mirmik/project/genos/gxx/gxx/std/bits/utility/type_relation.hpp:400:47: error: expected template-name before ‘<’ token
 struct extent<T[], N> : gxx::integral_constant<gxx::size_t, gxx::extent<T, N-1>::value> {};
                                               ^
/home/mirmik/project/genos/gxx/gxx/std/bits/utility/type_relation.hpp:400:47: error: expected ‘{’ before ‘<’ token
/home/mirmik/project/genos/gxx/gxx/std/bits/utility/type_relation.hpp:400:47: error: expected unqualified-id before ‘<’ token
/home/mirmik/project/genos/gxx/gxx/std/bits/utility/type_relation.hpp:402:24: error: ‘gxx::size_t’ has not been declared
 template<class T, gxx::size_t N>
                        ^
/home/mirmik/project/genos/gxx/gxx/std/bits/utility/type_relation.hpp:403:48: error: expected template-name before ‘<’ token
 struct extent<T[N], 0> : gxx::integral_constant<gxx::size_t, N> {};
                                                ^
/home/mirmik/project/genos/gxx/gxx/std/bits/utility/type_relation.hpp:403:48: error: expected ‘{’ before ‘<’ token
/home/mirmik/project/genos/gxx/gxx/std/bits/utility/type_relation.hpp:403:48: error: expected unqualified-id before ‘<’ token
/home/mirmik/project/genos/gxx/gxx/std/bits/utility/type_relation.hpp:405:24: error: ‘gxx::size_t’ has not been declared
 template<class T, gxx::size_t I, unsigned N>
                        ^
/home/mirmik/project/genos/gxx/gxx/std/bits/utility/type_relation.hpp:406:48: error: expected template-name before ‘<’ token
 struct extent<T[I], N> : gxx::integral_constant<gxx::size_t, gxx::extent<T, N-1>::value> {};
                                                ^
/home/mirmik/project/genos/gxx/gxx/std/bits/utility/type_relation.hpp:406:48: error: expected ‘{’ before ‘<’ token
/home/mirmik/project/genos/gxx/gxx/std/bits/utility/type_relation.hpp:406:48: error: expected unqualified-id before ‘<’ token
In file included from /home/mirmik/project/genos/gxx/gxx/std/utility:31:0,
                 from /home/mirmik/project/genos/gxx/gxx/std/vector:6,
                 from ./main.cpp:12:
/home/mirmik/project/genos/gxx/gxx/std/bits/utility/move.hpp:2:15: error: ‘remove_reference’ in namespace ‘gxx’ does not name a template type
 typename gxx::remove_reference<T>::type&& move( T&& t )
               ^
/home/mirmik/project/genos/gxx/gxx/std/bits/utility/move.hpp:2:31: error: expected unqualified-id before ‘<’ token
 typename gxx::remove_reference<T>::type&& move( T&& t )
                               ^
In file included from /home/mirmik/project/genos/gxx/gxx/std/utility:32:0,
                 from /home/mirmik/project/genos/gxx/gxx/std/vector:6,
                 from ./main.cpp:12:
/home/mirmik/project/genos/gxx/gxx/std/bits/utility/reference_wraper.hpp:47:47: error: ‘declval’ is not a member of ‘gxx’
                  decltype(void(detail::INVOKE(gxx::declval<F>(), gxx::declval<Args>()...)))> {
                                               ^
/home/mirmik/project/genos/gxx/gxx/std/bits/utility/reference_wraper.hpp:47:47: note: suggested alternative:
In file included from /home/mirmik/project/genos/gxx/gxx/std/utility:28:0,
                 from /home/mirmik/project/genos/gxx/gxx/std/vector:6,
                 from ./main.cpp:12:
/home/mirmik/project/genos/gxx/gxx/std/bits/utility/type_traits.hpp:32:45: note:   ‘std::declval’
    typename add_rvalue_reference<_Tp>::type declval() noexcept;
                                             ^
In file included from /home/mirmik/project/genos/gxx/gxx/std/utility:32:0,
                 from /home/mirmik/project/genos/gxx/gxx/std/vector:6,
                 from ./main.cpp:12:
/home/mirmik/project/genos/gxx/gxx/std/bits/utility/reference_wraper.hpp:47:66: error: ‘declval’ is not a member of ‘gxx’
                  decltype(void(detail::INVOKE(gxx::declval<F>(), gxx::declval<Args>()...)))> {
                                                                  ^
/home/mirmik/project/genos/gxx/gxx/std/bits/utility/reference_wraper.hpp:47:66: note: suggested alternative:
In file included from /home/mirmik/project/genos/gxx/gxx/std/utility:28:0,
                 from /home/mirmik/project/genos/gxx/gxx/std/vector:6,
                 from ./main.cpp:12:
/home/mirmik/project/genos/gxx/gxx/std/bits/utility/type_traits.hpp:32:45: note:   ‘std::declval’
    typename add_rvalue_reference<_Tp>::type declval() noexcept;
                                             ^
In file included from /home/mirmik/project/genos/gxx/gxx/std/utility:32:0,
                 from /home/mirmik/project/genos/gxx/gxx/std/vector:6,
                 from ./main.cpp:12:
/home/mirmik/project/genos/gxx/gxx/std/bits/utility/reference_wraper.hpp:47:47: error: ‘declval’ is not a member of ‘gxx’
                  decltype(void(detail::INVOKE(gxx::declval<F>(), gxx::declval<Args>()...)))> {
                                               ^
/home/mirmik/project/genos/gxx/gxx/std/bits/utility/reference_wraper.hpp:47:47: note: suggested alternative:
In file included from /home/mirmik/project/genos/gxx/gxx/std/utility:28:0,
                 from /home/mirmik/project/genos/gxx/gxx/std/vector:6,
                 from ./main.cpp:12:
/home/mirmik/project/genos/gxx/gxx/std/bits/utility/type_traits.hpp:32:45: note:   ‘std::declval’
    typename add_rvalue_reference<_Tp>::type declval() noexcept;
                                             ^
In file included from /home/mirmik/project/genos/gxx/gxx/std/utility:32:0,
                 from /home/mirmik/project/genos/gxx/gxx/std/vector:6,
                 from ./main.cpp:12:
/home/mirmik/project/genos/gxx/gxx/std/bits/utility/reference_wraper.hpp:47:66: error: ‘declval’ is not a member of ‘gxx’
                  decltype(void(detail::INVOKE(gxx::declval<F>(), gxx::declval<Args>()...)))> {
                                                                  ^
/home/mirmik/project/genos/gxx/gxx/std/bits/utility/reference_wraper.hpp:47:66: note: suggested alternative:
In file included from /home/mirmik/project/genos/gxx/gxx/std/utility:28:0,
                 from /home/mirmik/project/genos/gxx/gxx/std/vector:6,
                 from ./main.cpp:12:
/home/mirmik/project/genos/gxx/gxx/std/bits/utility/type_traits.hpp:32:45: note:   ‘std::declval’
    typename add_rvalue_reference<_Tp>::type declval() noexcept;
                                             ^
In file included from /home/mirmik/project/genos/gxx/gxx/std/utility:32:0,
                 from /home/mirmik/project/genos/gxx/gxx/std/vector:6,
                 from ./main.cpp:12:
/home/mirmik/project/genos/gxx/gxx/std/bits/utility/reference_wraper.hpp:47:47: error: ‘declval’ is not a member of ‘gxx’
                  decltype(void(detail::INVOKE(gxx::declval<F>(), gxx::declval<Args>()...)))> {
                                               ^
/home/mirmik/project/genos/gxx/gxx/std/bits/utility/reference_wraper.hpp:47:47: note: suggested alternative:
In file included from /home/mirmik/project/genos/gxx/gxx/std/utility:28:0,
                 from /home/mirmik/project/genos/gxx/gxx/std/vector:6,
                 from ./main.cpp:12:
/home/mirmik/project/genos/gxx/gxx/std/bits/utility/type_traits.hpp:32:45: note:   ‘std::declval’
    typename add_rvalue_reference<_Tp>::type declval() noexcept;
                                             ^
In file included from /home/mirmik/project/genos/gxx/gxx/std/utility:32:0,
                 from /home/mirmik/project/genos/gxx/gxx/std/vector:6,
                 from ./main.cpp:12:
/home/mirmik/project/genos/gxx/gxx/std/bits/utility/reference_wraper.hpp:47:66: error: ‘declval’ is not a member of ‘gxx’
                  decltype(void(detail::INVOKE(gxx::declval<F>(), gxx::declval<Args>()...)))> {
                                                                  ^
/home/mirmik/project/genos/gxx/gxx/std/bits/utility/reference_wraper.hpp:47:66: note: suggested alternative:
In file included from /home/mirmik/project/genos/gxx/gxx/std/utility:28:0,
                 from /home/mirmik/project/genos/gxx/gxx/std/vector:6,
                 from ./main.cpp:12:
/home/mirmik/project/genos/gxx/gxx/std/bits/utility/type_traits.hpp:32:45: note:   ‘std::declval’
    typename add_rvalue_reference<_Tp>::type declval() noexcept;
                                             ^
In file included from /home/mirmik/project/genos/gxx/gxx/std/utility:32:0,
                 from /home/mirmik/project/genos/gxx/gxx/std/vector:6,
                 from ./main.cpp:12:
/home/mirmik/project/genos/gxx/gxx/std/bits/utility/reference_wraper.hpp:47:47: error: ‘declval’ is not a member of ‘gxx’
                  decltype(void(detail::INVOKE(gxx::declval<F>(), gxx::declval<Args>()...)))> {
                                               ^
/home/mirmik/project/genos/gxx/gxx/std/bits/utility/reference_wraper.hpp:47:47: note: suggested alternative:
In file included from /home/mirmik/project/genos/gxx/gxx/std/utility:28:0,
                 from /home/mirmik/project/genos/gxx/gxx/std/vector:6,
                 from ./main.cpp:12:
/home/mirmik/project/genos/gxx/gxx/std/bits/utility/type_traits.hpp:32:45: note:   ‘std::declval’
    typename add_rvalue_reference<_Tp>::type declval() noexcept;
                                             ^
In file included from /home/mirmik/project/genos/gxx/gxx/std/utility:32:0,
                 from /home/mirmik/project/genos/gxx/gxx/std/vector:6,
                 from ./main.cpp:12:
/home/mirmik/project/genos/gxx/gxx/std/bits/utility/reference_wraper.hpp:47:66: error: ‘declval’ is not a member of ‘gxx’
                  decltype(void(detail::INVOKE(gxx::declval<F>(), gxx::declval<Args>()...)))> {
                                                                  ^
/home/mirmik/project/genos/gxx/gxx/std/bits/utility/reference_wraper.hpp:47:66: note: suggested alternative:
In file included from /home/mirmik/project/genos/gxx/gxx/std/utility:28:0,
                 from /home/mirmik/project/genos/gxx/gxx/std/vector:6,
                 from ./main.cpp:12:
/home/mirmik/project/genos/gxx/gxx/std/bits/utility/type_traits.hpp:32:45: note:   ‘std::declval’
    typename add_rvalue_reference<_Tp>::type declval() noexcept;
                                             ^
In file included from /home/mirmik/project/genos/gxx/gxx/std/utility:32:0,
                 from /home/mirmik/project/genos/gxx/gxx/std/vector:6,
                 from ./main.cpp:12:
/home/mirmik/project/genos/gxx/gxx/std/bits/utility/reference_wraper.hpp:47:47: error: ‘declval’ is not a member of ‘gxx’
                  decltype(void(detail::INVOKE(gxx::declval<F>(), gxx::declval<Args>()...)))> {
                                               ^
/home/mirmik/project/genos/gxx/gxx/std/bits/utility/reference_wraper.hpp:47:47: note: suggested alternative:
In file included from /home/mirmik/project/genos/gxx/gxx/std/utility:28:0,
                 from /home/mirmik/project/genos/gxx/gxx/std/vector:6,
                 from ./main.cpp:12:
/home/mirmik/project/genos/gxx/gxx/std/bits/utility/type_traits.hpp:32:45: note:   ‘std::declval’
    typename add_rvalue_reference<_Tp>::type declval() noexcept;
                                             ^
In file included from /home/mirmik/project/genos/gxx/gxx/std/utility:32:0,
                 from /home/mirmik/project/genos/gxx/gxx/std/vector:6,
                 from ./main.cpp:12:
/home/mirmik/project/genos/gxx/gxx/std/bits/utility/reference_wraper.hpp:47:66: error: ‘declval’ is not a member of ‘gxx’
                  decltype(void(detail::INVOKE(gxx::declval<F>(), gxx::declval<Args>()...)))> {
                                                                  ^
/home/mirmik/project/genos/gxx/gxx/std/bits/utility/reference_wraper.hpp:47:66: note: suggested alternative:
In file included from /home/mirmik/project/genos/gxx/gxx/std/utility:28:0,
                 from /home/mirmik/project/genos/gxx/gxx/std/vector:6,
                 from ./main.cpp:12:
/home/mirmik/project/genos/gxx/gxx/std/bits/utility/type_traits.hpp:32:45: note:   ‘std::declval’
    typename add_rvalue_reference<_Tp>::type declval() noexcept;
                                             ^
In file included from /home/mirmik/project/genos/gxx/gxx/std/utility:32:0,
                 from /home/mirmik/project/genos/gxx/gxx/std/vector:6,
                 from ./main.cpp:12:
/home/mirmik/project/genos/gxx/gxx/std/bits/utility/reference_wraper.hpp:47:47: error: ‘declval’ is not a member of ‘gxx’
                  decltype(void(detail::INVOKE(gxx::declval<F>(), gxx::declval<Args>()...)))> {
                                               ^
/home/mirmik/project/genos/gxx/gxx/std/bits/utility/reference_wraper.hpp:47:47: note: suggested alternative:
In file included from /home/mirmik/project/genos/gxx/gxx/std/utility:28:0,
                 from /home/mirmik/project/genos/gxx/gxx/std/vector:6,
                 from ./main.cpp:12:
/home/mirmik/project/genos/gxx/gxx/std/bits/utility/type_traits.hpp:32:45: note:   ‘std::declval’
    typename add_rvalue_reference<_Tp>::type declval() noexcept;
                                             ^
In file included from /home/mirmik/project/genos/gxx/gxx/std/utility:32:0,
                 from /home/mirmik/project/genos/gxx/gxx/std/vector:6,
                 from ./main.cpp:12:
/home/mirmik/project/genos/gxx/gxx/std/bits/utility/reference_wraper.hpp:47:66: error: ‘declval’ is not a member of ‘gxx’
                  decltype(void(detail::INVOKE(gxx::declval<F>(), gxx::declval<Args>()...)))> {
                                                                  ^
/home/mirmik/project/genos/gxx/gxx/std/bits/utility/reference_wraper.hpp:47:66: note: suggested alternative:
In file included from /home/mirmik/project/genos/gxx/gxx/std/utility:28:0,
                 from /home/mirmik/project/genos/gxx/gxx/std/vector:6,
                 from ./main.cpp:12:
/home/mirmik/project/genos/gxx/gxx/std/bits/utility/type_traits.hpp:32:45: note:   ‘std::declval’
    typename add_rvalue_reference<_Tp>::type declval() noexcept;
                                             ^
In file included from /home/mirmik/project/genos/gxx/gxx/std/utility:32:0,
                 from /home/mirmik/project/genos/gxx/gxx/std/vector:6,
                 from ./main.cpp:12:
/home/mirmik/project/genos/gxx/gxx/std/bits/utility/reference_wraper.hpp:47:47: error: ‘declval’ is not a member of ‘gxx’
                  decltype(void(detail::INVOKE(gxx::declval<F>(), gxx::declval<Args>()...)))> {
                                               ^
/home/mirmik/project/genos/gxx/gxx/std/bits/utility/reference_wraper.hpp:47:47: note: suggested alternative:
In file included from /home/mirmik/project/genos/gxx/gxx/std/utility:28:0,
                 from /home/mirmik/project/genos/gxx/gxx/std/vector:6,
                 from ./main.cpp:12:
/home/mirmik/project/genos/gxx/gxx/std/bits/utility/type_traits.hpp:32:45: note:   ‘std::declval’
    typename add_rvalue_reference<_Tp>::type declval() noexcept;
                                             ^
In file included from /home/mirmik/project/genos/gxx/gxx/std/utility:32:0,
                 from /home/mirmik/project/genos/gxx/gxx/std/vector:6,
                 from ./main.cpp:12:
/home/mirmik/project/genos/gxx/gxx/std/bits/utility/reference_wraper.hpp:47:66: error: ‘declval’ is not a member of ‘gxx’
                  decltype(void(detail::INVOKE(gxx::declval<F>(), gxx::declval<Args>()...)))> {
                                                                  ^
/home/mirmik/project/genos/gxx/gxx/std/bits/utility/reference_wraper.hpp:47:66: note: suggested alternative:
In file included from /home/mirmik/project/genos/gxx/gxx/std/utility:28:0,
                 from /home/mirmik/project/genos/gxx/gxx/std/vector:6,
                 from ./main.cpp:12:
/home/mirmik/project/genos/gxx/gxx/std/bits/utility/type_traits.hpp:32:45: note:   ‘std::declval’
    typename add_rvalue_reference<_Tp>::type declval() noexcept;
                                             ^
In file included from /home/mirmik/project/genos/gxx/gxx/std/utility:32:0,
                 from /home/mirmik/project/genos/gxx/gxx/std/vector:6,
                 from ./main.cpp:12:
/home/mirmik/project/genos/gxx/gxx/std/bits/utility/reference_wraper.hpp:47:47: error: ‘declval’ is not a member of ‘gxx’
                  decltype(void(detail::INVOKE(gxx::declval<F>(), gxx::declval<Args>()...)))> {
                                               ^
/home/mirmik/project/genos/gxx/gxx/std/bits/utility/reference_wraper.hpp:47:47: note: suggested alternative:
In file included from /home/mirmik/project/genos/gxx/gxx/std/utility:28:0,
                 from /home/mirmik/project/genos/gxx/gxx/std/vector:6,
                 from ./main.cpp:12:
/home/mirmik/project/genos/gxx/gxx/std/bits/utility/type_traits.hpp:32:45: note:   ‘std::declval’
    typename add_rvalue_reference<_Tp>::type declval() noexcept;
                                             ^
In file included from /home/mirmik/project/genos/gxx/gxx/std/utility:32:0,
                 from /home/mirmik/project/genos/gxx/gxx/std/vector:6,
                 from ./main.cpp:12:
/home/mirmik/project/genos/gxx/gxx/std/bits/utility/reference_wraper.hpp:47:66: error: ‘declval’ is not a member of ‘gxx’
                  decltype(void(detail::INVOKE(gxx::declval<F>(), gxx::declval<Args>()...)))> {
                                                                  ^
/home/mirmik/project/genos/gxx/gxx/std/bits/utility/reference_wraper.hpp:47:66: note: suggested alternative:
In file included from /home/mirmik/project/genos/gxx/gxx/std/utility:28:0,
                 from /home/mirmik/project/genos/gxx/gxx/std/vector:6,
                 from ./main.cpp:12:
/home/mirmik/project/genos/gxx/gxx/std/bits/utility/type_traits.hpp:32:45: note:   ‘std::declval’
    typename add_rvalue_reference<_Tp>::type declval() noexcept;
                                             ^
In file included from /home/mirmik/project/genos/gxx/gxx/std/utility:32:0,
                 from /home/mirmik/project/genos/gxx/gxx/std/vector:6,
                 from ./main.cpp:12:
/home/mirmik/project/genos/gxx/gxx/std/bits/utility/reference_wraper.hpp:47:47: error: ‘declval’ is not a member of ‘gxx’
                  decltype(void(detail::INVOKE(gxx::declval<F>(), gxx::declval<Args>()...)))> {
                                               ^
/home/mirmik/project/genos/gxx/gxx/std/bits/utility/reference_wraper.hpp:47:47: note: suggested alternative:
In file included from /home/mirmik/project/genos/gxx/gxx/std/utility:28:0,
                 from /home/mirmik/project/genos/gxx/gxx/std/vector:6,
                 from ./main.cpp:12:
/home/mirmik/project/genos/gxx/gxx/std/bits/utility/type_traits.hpp:32:45: note:   ‘std::declval’
    typename add_rvalue_reference<_Tp>::type declval() noexcept;
                                             ^
In file included from /home/mirmik/project/genos/gxx/gxx/std/utility:32:0,
                 from /home/mirmik/project/genos/gxx/gxx/std/vector:6,
                 from ./main.cpp:12:
/home/mirmik/project/genos/gxx/gxx/std/bits/utility/reference_wraper.hpp:47:66: error: ‘declval’ is not a member of ‘gxx’
                  decltype(void(detail::INVOKE(gxx::declval<F>(), gxx::declval<Args>()...)))> {
                                                                  ^
/home/mirmik/project/genos/gxx/gxx/std/bits/utility/reference_wraper.hpp:47:66: note: suggested alternative:
In file included from /home/mirmik/project/genos/gxx/gxx/std/utility:28:0,
                 from /home/mirmik/project/genos/gxx/gxx/std/vector:6,
                 from ./main.cpp:12:
/home/mirmik/project/genos/gxx/gxx/std/bits/utility/type_traits.hpp:32:45: note:   ‘std::declval’
    typename add_rvalue_reference<_Tp>::type declval() noexcept;
                                             ^
In file included from /home/mirmik/project/genos/gxx/gxx/std/utility:32:0,
                 from /home/mirmik/project/genos/gxx/gxx/std/vector:6,
                 from ./main.cpp:12:
/home/mirmik/project/genos/gxx/gxx/std/bits/utility/reference_wraper.hpp:47:47: error: ‘declval’ is not a member of ‘gxx’
                  decltype(void(detail::INVOKE(gxx::declval<F>(), gxx::declval<Args>()...)))> {
                                               ^
/home/mirmik/project/genos/gxx/gxx/std/bits/utility/reference_wraper.hpp:47:47: note: suggested alternative:
In file included from /home/mirmik/project/genos/gxx/gxx/std/utility:28:0,
                 from /home/mirmik/project/genos/gxx/gxx/std/vector:6,
                 from ./main.cpp:12:
/home/mirmik/project/genos/gxx/gxx/std/bits/utility/type_traits.hpp:32:45: note:   ‘std::declval’
    typename add_rvalue_reference<_Tp>::type declval() noexcept;
                                             ^
In file included from /home/mirmik/project/genos/gxx/gxx/std/utility:32:0,
                 from /home/mirmik/project/genos/gxx/gxx/std/vector:6,
                 from ./main.cpp:12:
/home/mirmik/project/genos/gxx/gxx/std/bits/utility/reference_wraper.hpp:47:66: error: ‘declval’ is not a member of ‘gxx’
                  decltype(void(detail::INVOKE(gxx::declval<F>(), gxx::declval<Args>()...)))> {
                                                                  ^
/home/mirmik/project/genos/gxx/gxx/std/bits/utility/reference_wraper.hpp:47:66: note: suggested alternative:
In file included from /home/mirmik/project/genos/gxx/gxx/std/utility:28:0,
                 from /home/mirmik/project/genos/gxx/gxx/std/vector:6,
                 from ./main.cpp:12:
/home/mirmik/project/genos/gxx/gxx/std/bits/utility/type_traits.hpp:32:45: note:   ‘std::declval’
    typename add_rvalue_reference<_Tp>::type declval() noexcept;
                                             ^
In file included from /home/mirmik/project/genos/gxx/gxx/std/utility:32:0,
                 from /home/mirmik/project/genos/gxx/gxx/std/vector:6,
                 from ./main.cpp:12:
/home/mirmik/project/genos/gxx/gxx/std/bits/utility/reference_wraper.hpp:47:92: error: template argument 2 is invalid
                  decltype(void(detail::INVOKE(gxx::declval<F>(), gxx::declval<Args>()...)))> {
                                                                                            ^
/home/mirmik/project/genos/gxx/gxx/std/bits/utility/reference_wraper.hpp:80:17: error: ‘result_of’ in namespace ‘gxx’ does not name a template type
   typename gxx::result_of<T&(ArgTypes&&...)>::type
                 ^
/home/mirmik/project/genos/gxx/gxx/std/bits/utility/reference_wraper.hpp:80:26: error: expected unqualified-id before ‘<’ token
   typename gxx::result_of<T&(ArgTypes&&...)>::type
                          ^
/home/mirmik/project/genos/gxx/gxx/std/bits/utility/reference_wraper.hpp: In constructor ‘std::reference_wrapper<T>::reference_wrapper(T&)’:
/home/mirmik/project/genos/gxx/gxx/std/bits/utility/reference_wraper.hpp:68:45: error: ‘addressof’ is not a member of ‘gxx’
   reference_wrapper(T& ref) noexcept : _ptr(gxx::addressof(ref)) {}
                                             ^
/home/mirmik/project/genos/gxx/gxx/std/bits/utility/reference_wraper.hpp:68:45: note: suggested alternative:
/home/mirmik/project/genos/gxx/gxx/std/bits/utility/reference_wraper.hpp:2:4: note:   ‘std::addressof’
 T* addressof(T& arg) 
    ^
In file included from ./main.cpp:12:0:
/home/mirmik/project/genos/gxx/gxx/std/vector: In member function ‘T* std::vector<T, Allocator>::emplace(std::vector<T, Allocator>::const_iterator, Args&& ...)’:
/home/mirmik/project/genos/gxx/gxx/std/vector:81:4: error: ‘move_backward’ is not a member of ‘std’
    std::move_backward(first, last, end());
    ^
/home/mirmik/project/genos/gxx/gxx/std/vector:81:4: note: suggested alternative:
In file included from /home/mirmik/project/genos/gxx/gxx/std/vector:4:0,
                 from ./main.cpp:12:
/home/mirmik/project/genos/gxx/gxx/std/algorithm:426:3: note:   ‘gxx::move_backward’
   move_backward(BidirectionalIterator1 first, BidirectionalIterator1 last,
   ^
In file included from ./main.cpp:12:0:
/home/mirmik/project/genos/gxx/gxx/std/vector: In member function ‘T* std::vector<T, Allocator>::insert(std::vector<T, Allocator>::const_iterator, const T&)’:
/home/mirmik/project/genos/gxx/gxx/std/vector:96:4: error: ‘move_backward’ is not a member of ‘std’
    std::move_backward(first, last, end());
    ^
/home/mirmik/project/genos/gxx/gxx/std/vector:96:4: note: suggested alternative:
In file included from /home/mirmik/project/genos/gxx/gxx/std/vector:4:0,
                 from ./main.cpp:12:
/home/mirmik/project/genos/gxx/gxx/std/algorithm:426:3: note:   ‘gxx::move_backward’
   move_backward(BidirectionalIterator1 first, BidirectionalIterator1 last,
   ^
In file included from ./main.cpp:12:0:
/home/mirmik/project/genos/gxx/gxx/std/vector: In member function ‘T* std::vector<T, Allocator>::insert_sorted(const T&)’:
/home/mirmik/project/genos/gxx/gxx/std/vector:107:21: error: ‘upper_bound’ is not a member of ‘std’
       return insert(std::upper_bound(begin(), end(), item ), item);
                     ^
/home/mirmik/project/genos/gxx/gxx/std/vector:107:21: note: suggested alternatives:
In file included from /home/mirmik/project/genos/gxx/gxx/std/memory:4:0,
                 from /home/mirmik/project/genos/gxx/gxx/std/vector:5,
                 from ./main.cpp:12:
/home/mirmik/project/genos/libc/include/stdlib.h:113:14: note:   ‘upper_bound’
 extern void *upper_bound(const void *key, const void *base,
              ^
In file included from /home/mirmik/project/genos/gxx/gxx/std/vector:4:0,
                 from ./main.cpp:12:
/home/mirmik/project/genos/gxx/gxx/std/algorithm:195:13: note:   ‘gxx::upper_bound’
   ForwardIt upper_bound(ForwardIt first, ForwardIt last, const T& value, Compare comp = Compare())
             ^
